1647046765922:add-base-url -b https://api-A7416AD8-9414-4403-84D0-25D043A3DD7F.sendbird.com/v3
1647046798919:add-api-token -t 412ab83395d4a3463a9fa5854ba6b265d5e81303
1647046810294:users
1647046952377:add-base-url -b https://api-A7416AD8-9414-4403-84D0-25D043A3DD7F.sendbird.com/v3
1647046972075:add-api-token -t 412ab83395d4a3463a9fa5854ba6b265d5e81303
1647046984717:users
1647047327504:base-url https://api-A7416AD8-9414-4403-84D0-25D043A3DD7F.sendbird.com/v3
1647047399094:api-token 412ab83395d4a3463a9fa5854ba6b265d5e81303
1647047403468:users
1647047417532:users | jq
1647047608436:base-url https://api-A7416AD8-9414-4403-84D0-25D043A3DD7F.sendbird.com/v3
1647047620166:api-token 412ab83395d4a3463a9fa5854ba6b265d5e81303
1647047647793:user -u deuterium-chat-003
1647047679187:clear
1647047684442:exit
1647053173757:base-url https://api-A7416AD8-9414-4403-84D0-25D043A3DD7F.sendbird.com/v3
1647053192474:api-token 412ab83395d4a3463a9fa5854ba6b265d5e81303
1647053209148:user deuterium-chat-004
1647084937964:users
1647084958322:help
1647085263422:api-token https://api-A7416AD8-9414-4403-84D0-25D043A3DD7F.sendbird.com/v3
1647085268497:user
1647085291886:base-url https://api-A7416AD8-9414-4403-84D0-25D043A3DD7F.sendbird.com/v3
1647085308165:api-token 412ab83395d4a3463a9fa5854ba6b265d5e81303
1647085312361:users
1647085365499:user deuterium-chat-001
1647085398100:user deuterium-chat-004
1647085466783:user
1647085479026:exit
